<?xml version="1.0" encoding="UTF-8"?>
<testng-results ignored="0" total="1" passed="1" failed="0" skipped="0">
  <reporter-output>
  </reporter-output>
  <suite started-at="2024-03-11T10:38:28 IST" name="Default suite" finished-at="2024-03-11T10:38:38 IST" duration-ms="9902">
    <groups>
    </groups>
    <test started-at="2024-03-11T10:38:28 IST" name="Default test" finished-at="2024-03-11T10:38:38 IST" duration-ms="9902">
      <class name="Apachivepoi.Datadriventest">
        <test-method is-config="true" signature="setUp()[pri:0, instance:Apachivepoi.Datadriventest@5d534f5d]" started-at="2024-03-11T10:38:28 IST" name="setUp" finished-at="2024-03-11T10:38:31 IST" duration-ms="2618" status="PASS">
          <reporter-output>
          </reporter-output>
        </test-method> <!-- setUp -->
        <test-method signature="datadriven()[pri:0, instance:Apachivepoi.Datadriventest@5d534f5d]" started-at="2024-03-11T10:38:31 IST" name="datadriven" finished-at="2024-03-11T10:38:38 IST" duration-ms="7228" status="PASS">
          <reporter-output>
          </reporter-output>
        </test-method> <!-- datadriven -->
      </class> <!-- Apachivepoi.Datadriventest -->
    </test> <!-- Default test -->
  </suite> <!-- Default suite -->
</testng-results>
